2019-10-14 08:37:35,125 - train - INFO - MnistModel(
  (conv1): Conv2d(1, 10, kernel_size=(5, 5), stride=(1, 1))
  (conv2): Conv2d(10, 20, kernel_size=(5, 5), stride=(1, 1))
  (conv2_drop): Dropout2d(p=0.5)
  (fc1): Linear(in_features=320, out_features=50, bias=True)
  (fc2): Linear(in_features=50, out_features=10, bias=True)
)
Trainable parameters: 21840
2019-10-14 08:37:38,290 - trainer - WARNING - Warning: visualization (Tensorboard) is configured to use, but currently not installed on this machine. Please install TensorboardX with 'pip install tensorboardx', upgrade PyTorch to version >= 1.1 to use 'torch.utils.tensorboard' or turn off the option in the 'config.json' file.
2019-10-14 08:37:42,418 - trainer - INFO -     epoch          : 1
2019-10-14 08:37:42,418 - trainer - INFO -     loss           : 0.6639785651135218
2019-10-14 08:37:42,418 - trainer - INFO -     accuracy       : 0.7879490732904536
2019-10-14 08:37:42,419 - trainer - INFO -     top_k_acc      : 0.9304782709884901
2019-10-14 08:37:42,419 - trainer - INFO -     val_loss       : 0.12314463184869036
2019-10-14 08:37:42,419 - trainer - INFO -     val_accuracy   : 0.9627422112462006
2019-10-14 08:37:42,419 - trainer - INFO -     val_top_k_acc  : 0.9954644756838905
2019-10-14 08:37:42,423 - trainer - INFO - Saving checkpoint: saved/models/Mnist_LeNet/1014_083735/checkpoint-epoch1.pth ...
2019-10-14 08:37:42,425 - trainer - INFO - Saving current best: model_best.pth ...
2019-10-14 08:37:46,534 - trainer - INFO -     epoch          : 2
2019-10-14 08:37:46,534 - trainer - INFO -     loss           : 0.2894310258434847
2019-10-14 08:37:46,534 - trainer - INFO -     accuracy       : 0.9138165411306702
2019-10-14 08:37:46,534 - trainer - INFO -     top_k_acc      : 0.9865410248815166
2019-10-14 08:37:46,534 - trainer - INFO -     val_loss       : 0.0782942727921491
2019-10-14 08:37:46,534 - trainer - INFO -     val_accuracy   : 0.9752089665653496
2019-10-14 08:37:46,534 - trainer - INFO -     val_top_k_acc  : 0.9976728723404256
2019-10-14 08:37:46,537 - trainer - INFO - Saving checkpoint: saved/models/Mnist_LeNet/1014_083735/checkpoint-epoch2.pth ...
2019-10-14 08:37:46,540 - trainer - INFO - Saving current best: model_best.pth ...
2019-10-14 08:37:50,616 - trainer - INFO -     epoch          : 3
2019-10-14 08:37:50,617 - trainer - INFO -     loss           : 0.23569793741426195
2019-10-14 08:37:50,617 - trainer - INFO -     accuracy       : 0.9312796208530806
2019-10-14 08:37:50,617 - trainer - INFO -     top_k_acc      : 0.9890349949221394
2019-10-14 08:37:50,617 - trainer - INFO -     val_loss       : 0.06765114171232314
2019-10-14 08:37:50,617 - trainer - INFO -     val_accuracy   : 0.9793170592705167
2019-10-14 08:37:50,617 - trainer - INFO -     val_top_k_acc  : 0.9983377659574468
2019-10-14 08:37:50,621 - trainer - INFO - Saving checkpoint: saved/models/Mnist_LeNet/1014_083735/checkpoint-epoch3.pth ...
2019-10-14 08:37:50,623 - trainer - INFO - Saving current best: model_best.pth ...
2019-10-14 08:37:54,716 - trainer - INFO -     epoch          : 4
2019-10-14 08:37:54,716 - trainer - INFO -     loss           : 0.2065498660455383
2019-10-14 08:37:54,716 - trainer - INFO -     accuracy       : 0.9394861839878131
2019-10-14 08:37:54,716 - trainer - INFO -     top_k_acc      : 0.9917061611374408
2019-10-14 08:37:54,716 - trainer - INFO -     val_loss       : 0.057558723388517155
2019-10-14 08:37:54,716 - trainer - INFO -     val_accuracy   : 0.9820241261398177
2019-10-14 08:37:54,716 - trainer - INFO -     val_top_k_acc  : 0.9988364361702128
2019-10-14 08:37:54,720 - trainer - INFO - Saving checkpoint: saved/models/Mnist_LeNet/1014_083735/checkpoint-epoch4.pth ...
2019-10-14 08:37:54,722 - trainer - INFO - Saving current best: model_best.pth ...
2019-10-14 08:37:58,781 - trainer - INFO -     epoch          : 5
2019-10-14 08:37:58,781 - trainer - INFO -     loss           : 0.18531172594576367
2019-10-14 08:37:58,781 - trainer - INFO -     accuracy       : 0.9463122037914692
2019-10-14 08:37:58,781 - trainer - INFO -     top_k_acc      : 0.9923091570751523
2019-10-14 08:37:58,781 - trainer - INFO -     val_loss       : 0.056604567835939694
2019-10-14 08:37:58,781 - trainer - INFO -     val_accuracy   : 0.9830214665653496
2019-10-14 08:37:58,781 - trainer - INFO -     val_top_k_acc  : 0.9985039893617021
2019-10-14 08:37:58,783 - trainer - INFO - Saving checkpoint: saved/models/Mnist_LeNet/1014_083735/checkpoint-epoch5.pth ...
2019-10-14 08:37:58,785 - trainer - INFO - Saving current best: model_best.pth ...
2019-10-14 08:38:02,976 - trainer - INFO -     epoch          : 6
2019-10-14 08:38:02,976 - trainer - INFO -     loss           : 0.1710473376533714
2019-10-14 08:38:02,976 - trainer - INFO -     accuracy       : 0.9496895099864591
2019-10-14 08:38:02,977 - trainer - INFO -     top_k_acc      : 0.9938166469194313
2019-10-14 08:38:02,977 - trainer - INFO -     val_loss       : 0.05198554345901976
2019-10-14 08:38:02,977 - trainer - INFO -     val_accuracy   : 0.9831876899696049
2019-10-14 08:38:02,977 - trainer - INFO -     val_top_k_acc  : 0.9983377659574468
2019-10-14 08:38:02,979 - trainer - INFO - Saving checkpoint: saved/models/Mnist_LeNet/1014_083735/checkpoint-epoch6.pth ...
2019-10-14 08:38:02,982 - trainer - INFO - Saving current best: model_best.pth ...
2019-10-14 08:38:07,226 - trainer - INFO -     epoch          : 7
2019-10-14 08:38:07,227 - trainer - INFO -     loss           : 0.1629298248138473
2019-10-14 08:38:07,227 - trainer - INFO -     accuracy       : 0.9534317874069058
2019-10-14 08:38:07,227 - trainer - INFO -     top_k_acc      : 0.993851028266757
2019-10-14 08:38:07,227 - trainer - INFO -     val_loss       : 0.047164634979785756
2019-10-14 08:38:07,227 - trainer - INFO -     val_accuracy   : 0.9843512537993921
2019-10-14 08:38:07,227 - trainer - INFO -     val_top_k_acc  : 0.9990026595744681
2019-10-14 08:38:07,230 - trainer - INFO - Saving checkpoint: saved/models/Mnist_LeNet/1014_083735/checkpoint-epoch7.pth ...
2019-10-14 08:38:07,233 - trainer - INFO - Saving current best: model_best.pth ...
2019-10-14 08:38:11,457 - trainer - INFO -     epoch          : 8
2019-10-14 08:38:11,457 - trainer - INFO -     loss           : 0.15324633690347603
2019-10-14 08:38:11,457 - trainer - INFO -     accuracy       : 0.9542040453622208
2019-10-14 08:38:11,457 - trainer - INFO -     top_k_acc      : 0.9945016291469194
2019-10-14 08:38:11,457 - trainer - INFO -     val_loss       : 0.04595111877201719
2019-10-14 08:38:11,457 - trainer - INFO -     val_accuracy   : 0.9854673252279635
2019-10-14 08:38:11,457 - trainer - INFO -     val_top_k_acc  : 0.9988364361702128
2019-10-14 08:38:11,460 - trainer - INFO - Saving checkpoint: saved/models/Mnist_LeNet/1014_083735/checkpoint-epoch8.pth ...
2019-10-14 08:38:11,462 - trainer - INFO - Saving current best: model_best.pth ...
2019-10-14 08:38:15,637 - trainer - INFO -     epoch          : 9
2019-10-14 08:38:15,637 - trainer - INFO -     loss           : 0.14609060961735473
2019-10-14 08:38:15,637 - trainer - INFO -     accuracy       : 0.9574226684157074
2019-10-14 08:38:15,637 - trainer - INFO -     top_k_acc      : 0.9944460900473934
2019-10-14 08:38:15,637 - trainer - INFO -     val_loss       : 0.0415055915277372
2019-10-14 08:38:15,637 - trainer - INFO -     val_accuracy   : 0.9873670212765957
2019-10-14 08:38:15,637 - trainer - INFO -     val_top_k_acc  : 0.9988364361702128
2019-10-14 08:38:15,640 - trainer - INFO - Saving checkpoint: saved/models/Mnist_LeNet/1014_083735/checkpoint-epoch9.pth ...
2019-10-14 08:38:15,642 - trainer - INFO - Saving current best: model_best.pth ...
2019-10-14 08:38:19,763 - trainer - INFO -     epoch          : 10
2019-10-14 08:38:19,763 - trainer - INFO -     loss           : 0.14348590246432624
2019-10-14 08:38:19,763 - trainer - INFO -     accuracy       : 0.9572243144888287
2019-10-14 08:38:19,763 - trainer - INFO -     top_k_acc      : 0.9947581668923494
2019-10-14 08:38:19,763 - trainer - INFO -     val_loss       : 0.04538672782005148
2019-10-14 08:38:19,763 - trainer - INFO -     val_accuracy   : 0.98584726443769
2019-10-14 08:38:19,763 - trainer - INFO -     val_top_k_acc  : 0.9990026595744681
2019-10-14 08:38:19,766 - trainer - INFO - Saving checkpoint: saved/models/Mnist_LeNet/1014_083735/checkpoint-epoch10.pth ...
